<?xml version="1.0" encoding="UTF-8"?>
<!-- Generated by org.testng.reporters.JUnitXMLReporter -->
<testsuite ignored="2" hostname="DESKTOP-175K8UN" failures="0" tests="4" name="Login Test" time="15.989" errors="0" timestamp="27 Jul 2023 16:30:58 GMT">
  <testcase classname="com.udemy.testcases.LoginTest" name="loginTest" time="8.905"/>
  <testcase classname="com.udemy.testcases.AddCustomerTest" name="addCustomerTest" time="6.439"/>
  <testcase classname="com.udemy.testcases.AddCustomerTest" name="addCustomerTest" time="0.006">
    <skipped/>
  </testcase> <!-- addCustomerTest -->
  <testcase classname="com.udemy.testcases.AddCustomerTest" name="addCustomerTest" time="0.003">
    <skipped/>
  </testcase> <!-- addCustomerTest -->
  <testcase classname="com.udemy.base.TestBase" name="@BeforeSuite setUp" time="0.0">
    <ignored/>
  </testcase> <!-- @BeforeSuite setUp -->
  <testcase classname="com.udemy.base.TestBase" name="@AfterSuite tearDown" time="0.0">
    <ignored/>
  </testcase> <!-- @AfterSuite tearDown -->
</testsuite> <!-- Login Test -->
