<?xml version="1.0" encoding="UTF-8"?>
<testng-results ignored="4" total="9" passed="5" failed="0" skipped="0">
  <reporter-output>
    <line>
      <![CDATA[Captureing screenshot]]>
    </line>
    <line>
      <![CDATA[<a target="_blank" href=Sat_Jul_29_13_19_05_IST_2023.JPG>Screenshot</a>]]>
    </line>
  </reporter-output>
  <suite started-at="2023-07-29T07:49:05Z" name="Data Driven Test" finished-at="2023-07-29T07:49:38Z" duration-ms="33283">
    <groups>
    </groups>
    <test started-at="2023-07-29T07:49:05Z" name="Login Test" finished-at="2023-07-29T07:49:38Z" duration-ms="33283">
      <class name="com.udemy.testcases.AddCustomerTest">
        <test-method signature="addCustomerTest(java.util.Hashtable)[pri:0, instance:com.udemy.testcases.AddCustomerTest@3efe7086]" started-at="2023-07-29T07:49:14Z" name="addCustomerTest" data-provider="DP" finished-at="2023-07-29T07:49:20Z" duration-ms="6080" status="PASS">
          <params>
            <param index="0">
              <value>
                <![CDATA[{PostCode=354356.0, RunMode=Y, FirstName=Radha, Lastname=Raman, AlertText=Customer added successfully}]]>
              </value>
            </param>
          </params>
          <reporter-output>
          </reporter-output>
        </test-method> <!-- addCustomerTest -->
        <test-method signature="addCustomerTest(java.util.Hashtable)[pri:0, instance:com.udemy.testcases.AddCustomerTest@3efe7086]" started-at="2023-07-29T07:49:21Z" name="addCustomerTest" data-provider="DP" finished-at="2023-07-29T07:49:27Z" duration-ms="6192" status="PASS">
          <params>
            <param index="0">
              <value>
                <![CDATA[{PostCode=354357.0, RunMode=Y, FirstName=Govinda, Lastname=Gopal, AlertText=Customer added successfully}]]>
              </value>
            </param>
          </params>
          <reporter-output>
          </reporter-output>
        </test-method> <!-- addCustomerTest -->
        <test-method signature="addCustomerTest(java.util.Hashtable)[pri:0, instance:com.udemy.testcases.AddCustomerTest@3efe7086]" started-at="2023-07-29T07:49:27Z" name="addCustomerTest" data-provider="DP" finished-at="2023-07-29T07:49:32Z" duration-ms="5507" status="PASS">
          <params>
            <param index="0">
              <value>
                <![CDATA[{PostCode=354358.0, RunMode=Y, FirstName=Madhav, Lastname=Gopinath, AlertText=Customer added successfully}]]>
              </value>
            </param>
          </params>
          <reporter-output>
          </reporter-output>
        </test-method> <!-- addCustomerTest -->
      </class> <!-- com.udemy.testcases.AddCustomerTest -->
      <class name="com.udemy.testcases.OpenAccountTest">
        <test-method signature="openAccountTest(java.util.Hashtable)[pri:0, instance:com.udemy.testcases.OpenAccountTest@675d8c96]" started-at="2023-07-29T07:49:33Z" name="openAccountTest" data-provider="DP" finished-at="2023-07-29T07:49:38Z" duration-ms="5589" status="PASS">
          <params>
            <param index="0">
              <value>
                <![CDATA[{Currency=Rupee, Customer=Radha Raman, AlertText=Account created successfully with account Number }]]>
              </value>
            </param>
          </params>
          <reporter-output>
          </reporter-output>
        </test-method> <!-- openAccountTest -->
      </class> <!-- com.udemy.testcases.OpenAccountTest -->
      <class name="com.udemy.testcases.LoginTest">
        <test-method is-config="true" signature="setUp()[pri:0, instance:com.udemy.testcases.LoginTest@62e70ea3]" started-at="2023-07-29T07:49:02Z" name="setUp" finished-at="2023-07-29T07:49:05Z" duration-ms="2904" status="PASS">
          <reporter-output>
          </reporter-output>
        </test-method> <!-- setUp -->
        <test-method signature="loginTest()[pri:0, instance:com.udemy.testcases.LoginTest@62e70ea3]" started-at="2023-07-29T07:49:05Z" name="loginTest" finished-at="2023-07-29T07:49:14Z" duration-ms="9202" status="PASS">
          <reporter-output>
            <line>
              <![CDATA[Captureing screenshot]]>
            </line>
            <line>
              <![CDATA[<a target="_blank" href=Sat_Jul_29_13_19_05_IST_2023.JPG>Screenshot</a>]]>
            </line>
          </reporter-output>
        </test-method> <!-- loginTest -->
        <test-method is-config="true" signature="tearDown()[pri:0, instance:com.udemy.testcases.LoginTest@62e70ea3]" started-at="2023-07-29T07:49:38Z" name="tearDown" finished-at="2023-07-29T07:49:38Z" duration-ms="117" status="PASS">
          <reporter-output>
          </reporter-output>
        </test-method> <!-- tearDown -->
      </class> <!-- com.udemy.testcases.LoginTest -->
    </test> <!-- Login Test -->
  </suite> <!-- Data Driven Test -->
</testng-results>
