<?xml version="1.0" encoding="UTF-8"?>
<!-- Generated by org.testng.reporters.JUnitXMLReporter -->
<testsuite ignored="2" hostname="DESKTOP-175K8UN" failures="0" tests="2" name="Login Test" time="15.123" errors="0" timestamp="24 Jul 2023 17:38:57 GMT">
  <testcase classname="com.udemy.testcases.LoginTest" name="loginAsBankManager" time="8.763"/>
  <testcase classname="com.udemy.testcases.AddCustomerTest" name="addCustomerTest" time="5.978"/>
  <testcase classname="com.udemy.base.TestBase" name="@BeforeSuite setUp" time="0.0">
    <ignored/>
  </testcase> <!-- @BeforeSuite setUp -->
  <testcase classname="com.udemy.base.TestBase" name="@AfterSuite tearDown" time="0.0">
    <ignored/>
  </testcase> <!-- @AfterSuite tearDown -->
</testsuite> <!-- Login Test -->
