<?xml version="1.0" encoding="UTF-8"?>
<!-- Generated by org.testng.reporters.JUnitXMLReporter -->
<testsuite ignored="4" hostname="DESKTOP-175K8UN" failures="0" tests="6" name="Login Test" time="33.122" errors="0" timestamp="27 Jul 2023 06:56:48 GMT">
  <testcase classname="com.udemy.testcases.LoginTest" name="loginTest" time="9.173"/>
  <testcase classname="com.udemy.testcases.AddCustomerTest" name="addCustomerTest" time="6.017"/>
  <testcase classname="com.udemy.testcases.AddCustomerTest" name="addCustomerTest" time="5.889"/>
  <testcase classname="com.udemy.testcases.AddCustomerTest" name="addCustomerTest" time="5.571"/>
  <testcase classname="com.udemy.testcases.AddCustomerTest" name="addCustomerTest" time="5.58"/>
  <testcase classname="com.udemy.testcases.OpenAccountTest" name="openAccountTest" time="0.001">
    <skipped/>
  </testcase> <!-- openAccountTest -->
  <testcase classname="com.udemy.base.TestBase" name="@BeforeSuite setUp" time="0.0">
    <ignored/>
  </testcase> <!-- @BeforeSuite setUp -->
  <testcase classname="com.udemy.base.TestBase" name="@BeforeSuite setUp" time="0.0">
    <ignored/>
  </testcase> <!-- @BeforeSuite setUp -->
  <testcase classname="com.udemy.base.TestBase" name="@AfterSuite tearDown" time="0.0">
    <ignored/>
  </testcase> <!-- @AfterSuite tearDown -->
  <testcase classname="com.udemy.base.TestBase" name="@AfterSuite tearDown" time="0.0">
    <ignored/>
  </testcase> <!-- @AfterSuite tearDown -->
</testsuite> <!-- Login Test -->
