<?xml version="1.0" encoding="UTF-8"?>
<testng-results ignored="2" total="6" passed="2" failed="0" skipped="2">
  <reporter-output>
    <line>
      <![CDATA[Captureing screenshot]]>
    </line>
    <line>
      <![CDATA[<a target="_blank" href=Thu_Jul_27_22_00_42_IST_2023.JPG>Screenshot</a>]]>
    </line>
  </reporter-output>
  <suite started-at="2023-07-27T16:30:42Z" name="Data Driven Test" finished-at="2023-07-27T16:30:58Z" duration-ms="15989">
    <groups>
    </groups>
    <test started-at="2023-07-27T16:30:42Z" name="Login Test" finished-at="2023-07-27T16:30:58Z" duration-ms="15989">
      <class name="com.udemy.testcases.AddCustomerTest">
        <test-method signature="addCustomerTest(java.util.Hashtable)[pri:0, instance:com.udemy.testcases.AddCustomerTest@595f4da5]" started-at="2023-07-27T16:30:51Z" name="addCustomerTest" data-provider="DP" finished-at="2023-07-27T16:30:57Z" duration-ms="6439" status="PASS">
          <params>
            <param index="0">
              <value>
                <![CDATA[{PostCode=354356.0, RunMode=Y, FirstName=Radha, Lastname=Raman, AlertText=Customer added successfully}]]>
              </value>
            </param>
          </params>
          <reporter-output>
          </reporter-output>
        </test-method> <!-- addCustomerTest -->
        <test-method signature="addCustomerTest(java.util.Hashtable)[pri:0, instance:com.udemy.testcases.AddCustomerTest@595f4da5]" started-at="2023-07-27T16:30:58Z" name="addCustomerTest" data-provider="DP" finished-at="2023-07-27T16:30:58Z" duration-ms="6" status="SKIP">
          <params>
            <param index="0">
              <value>
                <![CDATA[{PostCode=354357.0, RunMode=N, FirstName=Govinda, Lastname=Gopal, AlertText=Customer added successfully}]]>
              </value>
            </param>
          </params>
          <exception class="org.testng.SkipException">
            <message>
              <![CDATA[Skipping the test since run mode is set to NO]]>
            </message>
            <full-stacktrace>
              <![CDATA[org.testng.SkipException: Skipping the test since run mode is set to NO
at com.udemy.testcases.AddCustomerTest.addCustomerTest(AddCustomerTest.java:21)
at java.base/jdk.internal.reflect.NativeMethodAccessorImpl.invoke0(Native Method)
at java.base/jdk.internal.reflect.NativeMethodAccessorImpl.invoke(NativeMethodAccessorImpl.java:77)
at java.base/jdk.internal.reflect.DelegatingMethodAccessorImpl.invoke(DelegatingMethodAccessorImpl.java:43)
at java.base/java.lang.reflect.Method.invoke(Method.java:568)
at org.testng.internal.MethodInvocationHelper.invokeMethod(MethodInvocationHelper.java:124)
at org.testng.internal.Invoker.invokeMethod(Invoker.java:583)
at org.testng.internal.Invoker.invokeTestMethod(Invoker.java:719)
at org.testng.internal.Invoker.invokeTestMethods(Invoker.java:989)
at org.testng.internal.TestMethodWorker.invokeTestMethods(TestMethodWorker.java:125)
at org.testng.internal.TestMethodWorker.run(TestMethodWorker.java:109)
at org.testng.TestRunner.privateRun(TestRunner.java:648)
at org.testng.TestRunner.run(TestRunner.java:505)
at org.testng.SuiteRunner.runTest(SuiteRunner.java:455)
at org.testng.SuiteRunner.runSequentially(SuiteRunner.java:450)
at org.testng.SuiteRunner.privateRun(SuiteRunner.java:415)
at org.testng.SuiteRunner.run(SuiteRunner.java:364)
at org.testng.SuiteRunnerWorker.runSuite(SuiteRunnerWorker.java:52)
at org.testng.SuiteRunnerWorker.run(SuiteRunnerWorker.java:84)
at org.testng.TestNG.runSuitesSequentially(TestNG.java:1208)
at org.testng.TestNG.runSuitesLocally(TestNG.java:1137)
at org.testng.TestNG.runSuites(TestNG.java:1049)
at org.testng.TestNG.run(TestNG.java:1017)
at org.testng.remote.AbstractRemoteTestNG.run(AbstractRemoteTestNG.java:115)
at org.testng.remote.RemoteTestNG.initAndRun(RemoteTestNG.java:251)
at org.testng.remote.RemoteTestNG.main(RemoteTestNG.java:77)
]]>
            </full-stacktrace>
          </exception> <!-- org.testng.SkipException -->
          <reporter-output>
          </reporter-output>
        </test-method> <!-- addCustomerTest -->
        <test-method signature="addCustomerTest(java.util.Hashtable)[pri:0, instance:com.udemy.testcases.AddCustomerTest@595f4da5]" started-at="2023-07-27T16:30:58Z" name="addCustomerTest" data-provider="DP" finished-at="2023-07-27T16:30:58Z" duration-ms="3" status="SKIP">
          <params>
            <param index="0">
              <value>
                <![CDATA[{PostCode=354358.0, RunMode=N, FirstName=Madhav, Lastname=Gopinath, AlertText=Customer added successfully}]]>
              </value>
            </param>
          </params>
          <exception class="org.testng.SkipException">
            <message>
              <![CDATA[Skipping the test since run mode is set to NO]]>
            </message>
            <full-stacktrace>
              <![CDATA[org.testng.SkipException: Skipping the test since run mode is set to NO
at com.udemy.testcases.AddCustomerTest.addCustomerTest(AddCustomerTest.java:21)
at java.base/jdk.internal.reflect.NativeMethodAccessorImpl.invoke0(Native Method)
at java.base/jdk.internal.reflect.NativeMethodAccessorImpl.invoke(NativeMethodAccessorImpl.java:77)
at java.base/jdk.internal.reflect.DelegatingMethodAccessorImpl.invoke(DelegatingMethodAccessorImpl.java:43)
at java.base/java.lang.reflect.Method.invoke(Method.java:568)
at org.testng.internal.MethodInvocationHelper.invokeMethod(MethodInvocationHelper.java:124)
at org.testng.internal.Invoker.invokeMethod(Invoker.java:583)
at org.testng.internal.Invoker.invokeTestMethod(Invoker.java:719)
at org.testng.internal.Invoker.invokeTestMethods(Invoker.java:989)
at org.testng.internal.TestMethodWorker.invokeTestMethods(TestMethodWorker.java:125)
at org.testng.internal.TestMethodWorker.run(TestMethodWorker.java:109)
at org.testng.TestRunner.privateRun(TestRunner.java:648)
at org.testng.TestRunner.run(TestRunner.java:505)
at org.testng.SuiteRunner.runTest(SuiteRunner.java:455)
at org.testng.SuiteRunner.runSequentially(SuiteRunner.java:450)
at org.testng.SuiteRunner.privateRun(SuiteRunner.java:415)
at org.testng.SuiteRunner.run(SuiteRunner.java:364)
at org.testng.SuiteRunnerWorker.runSuite(SuiteRunnerWorker.java:52)
at org.testng.SuiteRunnerWorker.run(SuiteRunnerWorker.java:84)
at org.testng.TestNG.runSuitesSequentially(TestNG.java:1208)
at org.testng.TestNG.runSuitesLocally(TestNG.java:1137)
at org.testng.TestNG.runSuites(TestNG.java:1049)
at org.testng.TestNG.run(TestNG.java:1017)
at org.testng.remote.AbstractRemoteTestNG.run(AbstractRemoteTestNG.java:115)
at org.testng.remote.RemoteTestNG.initAndRun(RemoteTestNG.java:251)
at org.testng.remote.RemoteTestNG.main(RemoteTestNG.java:77)
]]>
            </full-stacktrace>
          </exception> <!-- org.testng.SkipException -->
          <reporter-output>
          </reporter-output>
        </test-method> <!-- addCustomerTest -->
      </class> <!-- com.udemy.testcases.AddCustomerTest -->
      <class name="com.udemy.testcases.LoginTest">
        <test-method is-config="true" signature="setUp()[pri:0, instance:com.udemy.testcases.LoginTest@42561fba]" started-at="2023-07-27T16:30:38Z" name="setUp" finished-at="2023-07-27T16:30:42Z" duration-ms="4356" status="PASS">
          <reporter-output>
          </reporter-output>
        </test-method> <!-- setUp -->
        <test-method signature="loginTest()[pri:0, instance:com.udemy.testcases.LoginTest@42561fba]" started-at="2023-07-27T16:30:42Z" name="loginTest" finished-at="2023-07-27T16:30:51Z" duration-ms="8905" status="PASS">
          <reporter-output>
            <line>
              <![CDATA[Captureing screenshot]]>
            </line>
            <line>
              <![CDATA[<a target="_blank" href=Thu_Jul_27_22_00_42_IST_2023.JPG>Screenshot</a>]]>
            </line>
          </reporter-output>
        </test-method> <!-- loginTest -->
        <test-method is-config="true" signature="tearDown()[pri:0, instance:com.udemy.testcases.LoginTest@42561fba]" started-at="2023-07-27T16:30:58Z" name="tearDown" finished-at="2023-07-27T16:30:58Z" duration-ms="266" status="PASS">
          <reporter-output>
          </reporter-output>
        </test-method> <!-- tearDown -->
      </class> <!-- com.udemy.testcases.LoginTest -->
    </test> <!-- Login Test -->
  </suite> <!-- Data Driven Test -->
</testng-results>
