<?xml version="1.0" encoding="UTF-8"?>
<testsuite name="Login Test"
           tests="3"
           failures="0"
           errors="0"
           skipped="0"
           time="17.779">
  <properties />
  
  
            <testcase name="addCustomerTest" time="6.080" classname="com.udemy.testcases.AddCustomerTest" />
                <testcase name="addCustomerTest" time="5.507" classname="com.udemy.testcases.AddCustomerTest" />
                <testcase name="addCustomerTest" time="6.192" classname="com.udemy.testcases.AddCustomerTest" />
      
</testsuite>
